17:08:35.908 [http-nio-80-exec-8] INFO  k.m.inteceptor.CommonInterceptor - CommonInterceptor==============================START
17:08:35.912 [http-nio-80-exec-8] INFO  k.m.inteceptor.CommonInterceptor - ACCESS INFO====================================START
17:08:35.912 [http-nio-80-exec-8] INFO  k.m.inteceptor.CommonInterceptor - PORT          	::  :::::::::::::::: localhost
17:08:35.912 [http-nio-80-exec-8] INFO  k.m.inteceptor.CommonInterceptor - method	:::::::::::::::::::: 80
17:08:35.912 [http-nio-80-exec-8] INFO  k.m.inteceptor.CommonInterceptor - server name	  :::::::::: GET
17:08:35.912 [http-nio-80-exec-8] INFO  k.m.inteceptor.CommonInterceptor - URI		:::::::::::::::: /addMember
17:08:35.912 [http-nio-80-exec-8] INFO  k.m.inteceptor.CommonInterceptor - ACCESS INFO====================================END
17:08:35.913 [http-nio-80-exec-8] INFO  k.m.inteceptor.CommonInterceptor - CommonInterceptor==============================END
17:08:35.925 [http-nio-80-exec-8] INFO  k.m.inteceptor.CommonInterceptor - CommonInterceptor==============================AFTER
17:08:36.953 [http-nio-80-exec-1] INFO  k.m.inteceptor.CommonInterceptor - CommonInterceptor==============================START
17:08:36.953 [http-nio-80-exec-1] INFO  k.m.inteceptor.CommonInterceptor - ACCESS INFO====================================START
17:08:36.953 [http-nio-80-exec-1] INFO  k.m.inteceptor.CommonInterceptor - PORT          	::  :::::::::::::::: localhost
17:08:36.953 [http-nio-80-exec-1] INFO  k.m.inteceptor.CommonInterceptor - method	:::::::::::::::::::: 80
17:08:36.953 [http-nio-80-exec-1] INFO  k.m.inteceptor.CommonInterceptor - server name	  :::::::::: POST
17:08:36.953 [http-nio-80-exec-1] INFO  k.m.inteceptor.CommonInterceptor - URI		:::::::::::::::: /ajax/idCheck
17:08:36.953 [http-nio-80-exec-1] INFO  k.m.inteceptor.CommonInterceptor - ACCESS INFO====================================END
17:08:36.953 [http-nio-80-exec-1] INFO  k.m.inteceptor.LoginInterceptor - LoginInterceptor=================================START
17:08:36.953 [http-nio-80-exec-1] INFO  k.m.inteceptor.LoginInterceptor - sessionId         :::::::        id001
17:08:36.953 [http-nio-80-exec-1] INFO  k.m.inteceptor.LoginInterceptor - sessionLevel      :::::::        관리자
17:08:36.954 [http-nio-80-exec-1] INFO  k.m.inteceptor.LoginInterceptor - LoginInterceptor=================================END
17:08:36.954 [http-nio-80-exec-1] INFO  k.m.inteceptor.CommonInterceptor - CommonInterceptor==============================END
17:08:36.954 [http-nio-80-exec-1] INFO  k.m.inteceptor.CommonInterceptor - CommonInterceptor==============================AFTER
17:08:37.551 [http-nio-80-exec-3] INFO  k.m.inteceptor.CommonInterceptor - CommonInterceptor==============================START
17:08:37.551 [http-nio-80-exec-3] INFO  k.m.inteceptor.CommonInterceptor - ACCESS INFO====================================START
17:08:37.551 [http-nio-80-exec-3] INFO  k.m.inteceptor.CommonInterceptor - PORT          	::  :::::::::::::::: localhost
17:08:37.551 [http-nio-80-exec-3] INFO  k.m.inteceptor.CommonInterceptor - method	:::::::::::::::::::: 80
17:08:37.551 [http-nio-80-exec-3] INFO  k.m.inteceptor.CommonInterceptor - server name	  :::::::::: POST
17:08:37.551 [http-nio-80-exec-3] INFO  k.m.inteceptor.CommonInterceptor - URI		:::::::::::::::: /ajax/idCheck
17:08:37.551 [http-nio-80-exec-3] INFO  k.m.inteceptor.CommonInterceptor - ACCESS INFO====================================END
17:08:37.551 [http-nio-80-exec-3] INFO  k.m.inteceptor.LoginInterceptor - LoginInterceptor=================================START
17:08:37.551 [http-nio-80-exec-3] INFO  k.m.inteceptor.LoginInterceptor - sessionId         :::::::        id001
17:08:37.551 [http-nio-80-exec-3] INFO  k.m.inteceptor.LoginInterceptor - sessionLevel      :::::::        관리자
17:08:37.552 [http-nio-80-exec-3] INFO  k.m.inteceptor.LoginInterceptor - LoginInterceptor=================================END
17:08:37.552 [http-nio-80-exec-3] INFO  k.m.inteceptor.CommonInterceptor - CommonInterceptor==============================END
17:08:37.552 [http-nio-80-exec-3] INFO  k.m.inteceptor.CommonInterceptor - CommonInterceptor==============================AFTER
17:08:37.839 [http-nio-80-exec-4] INFO  k.m.inteceptor.CommonInterceptor - CommonInterceptor==============================START
17:08:37.839 [http-nio-80-exec-4] INFO  k.m.inteceptor.CommonInterceptor - ACCESS INFO====================================START
17:08:37.839 [http-nio-80-exec-4] INFO  k.m.inteceptor.CommonInterceptor - PORT          	::  :::::::::::::::: localhost
17:08:37.839 [http-nio-80-exec-4] INFO  k.m.inteceptor.CommonInterceptor - method	:::::::::::::::::::: 80
17:08:37.839 [http-nio-80-exec-4] INFO  k.m.inteceptor.CommonInterceptor - server name	  :::::::::: POST
17:08:37.839 [http-nio-80-exec-4] INFO  k.m.inteceptor.CommonInterceptor - URI		:::::::::::::::: /ajax/idCheck
17:08:37.839 [http-nio-80-exec-4] INFO  k.m.inteceptor.CommonInterceptor - ACCESS INFO====================================END
17:08:37.839 [http-nio-80-exec-4] INFO  k.m.inteceptor.LoginInterceptor - LoginInterceptor=================================START
17:08:37.839 [http-nio-80-exec-4] INFO  k.m.inteceptor.LoginInterceptor - sessionId         :::::::        id001
17:08:37.839 [http-nio-80-exec-4] INFO  k.m.inteceptor.LoginInterceptor - sessionLevel      :::::::        관리자
17:08:37.840 [http-nio-80-exec-4] INFO  k.m.inteceptor.LoginInterceptor - LoginInterceptor=================================END
17:08:37.840 [http-nio-80-exec-4] INFO  k.m.inteceptor.CommonInterceptor - CommonInterceptor==============================END
17:08:37.840 [http-nio-80-exec-4] INFO  k.m.inteceptor.CommonInterceptor - CommonInterceptor==============================AFTER
17:08:38.807 [http-nio-80-exec-2] INFO  k.m.inteceptor.CommonInterceptor - CommonInterceptor==============================START
17:08:38.807 [http-nio-80-exec-2] INFO  k.m.inteceptor.CommonInterceptor - ACCESS INFO====================================START
17:08:38.807 [http-nio-80-exec-2] INFO  k.m.inteceptor.CommonInterceptor - PORT          	::  :::::::::::::::: localhost
17:08:38.807 [http-nio-80-exec-2] INFO  k.m.inteceptor.CommonInterceptor - method	:::::::::::::::::::: 80
17:08:38.807 [http-nio-80-exec-2] INFO  k.m.inteceptor.CommonInterceptor - server name	  :::::::::: POST
17:08:38.807 [http-nio-80-exec-2] INFO  k.m.inteceptor.CommonInterceptor - URI		:::::::::::::::: /ajax/idCheck
17:08:38.807 [http-nio-80-exec-2] INFO  k.m.inteceptor.CommonInterceptor - ACCESS INFO====================================END
17:08:38.807 [http-nio-80-exec-2] INFO  k.m.inteceptor.LoginInterceptor - LoginInterceptor=================================START
17:08:38.807 [http-nio-80-exec-2] INFO  k.m.inteceptor.LoginInterceptor - sessionId         :::::::        id001
17:08:38.807 [http-nio-80-exec-2] INFO  k.m.inteceptor.LoginInterceptor - sessionLevel      :::::::        관리자
17:08:38.811 [http-nio-80-exec-2] INFO  k.m.inteceptor.LoginInterceptor - LoginInterceptor=================================END
17:08:38.811 [http-nio-80-exec-2] INFO  k.m.inteceptor.CommonInterceptor - CommonInterceptor==============================END
17:08:38.811 [http-nio-80-exec-2] INFO  k.m.inteceptor.CommonInterceptor - CommonInterceptor==============================AFTER
17:08:42.249 [http-nio-80-exec-5] INFO  k.m.inteceptor.CommonInterceptor - CommonInterceptor==============================START
17:08:42.249 [http-nio-80-exec-5] INFO  k.m.inteceptor.CommonInterceptor - ACCESS INFO====================================START
17:08:42.249 [http-nio-80-exec-5] INFO  k.m.inteceptor.CommonInterceptor - PORT          	::  :::::::::::::::: localhost
17:08:42.249 [http-nio-80-exec-5] INFO  k.m.inteceptor.CommonInterceptor - method	:::::::::::::::::::: 80
17:08:42.249 [http-nio-80-exec-5] INFO  k.m.inteceptor.CommonInterceptor - server name	  :::::::::: POST
17:08:42.249 [http-nio-80-exec-5] INFO  k.m.inteceptor.CommonInterceptor - URI		:::::::::::::::: /ajax/idCheck
17:08:42.249 [http-nio-80-exec-5] INFO  k.m.inteceptor.CommonInterceptor - ACCESS INFO====================================END
17:08:42.249 [http-nio-80-exec-5] INFO  k.m.inteceptor.LoginInterceptor - LoginInterceptor=================================START
17:08:42.249 [http-nio-80-exec-5] INFO  k.m.inteceptor.LoginInterceptor - sessionId         :::::::        id001
17:08:42.249 [http-nio-80-exec-5] INFO  k.m.inteceptor.LoginInterceptor - sessionLevel      :::::::        관리자
17:08:42.250 [http-nio-80-exec-5] INFO  k.m.inteceptor.LoginInterceptor - LoginInterceptor=================================END
17:08:42.250 [http-nio-80-exec-5] INFO  k.m.inteceptor.CommonInterceptor - CommonInterceptor==============================END
17:08:42.250 [http-nio-80-exec-5] INFO  k.m.inteceptor.CommonInterceptor - CommonInterceptor==============================AFTER
17:08:43.882 [http-nio-80-exec-6] INFO  k.m.inteceptor.CommonInterceptor - CommonInterceptor==============================START
17:08:43.882 [http-nio-80-exec-6] INFO  k.m.inteceptor.CommonInterceptor - ACCESS INFO====================================START
17:08:43.882 [http-nio-80-exec-6] INFO  k.m.inteceptor.CommonInterceptor - PORT          	::  :::::::::::::::: localhost
17:08:43.882 [http-nio-80-exec-6] INFO  k.m.inteceptor.CommonInterceptor - method	:::::::::::::::::::: 80
17:08:43.882 [http-nio-80-exec-6] INFO  k.m.inteceptor.CommonInterceptor - server name	  :::::::::: POST
17:08:43.882 [http-nio-80-exec-6] INFO  k.m.inteceptor.CommonInterceptor - URI		:::::::::::::::: /ajax/idCheck
17:08:43.882 [http-nio-80-exec-6] INFO  k.m.inteceptor.CommonInterceptor - ACCESS INFO====================================END
17:08:43.882 [http-nio-80-exec-6] INFO  k.m.inteceptor.LoginInterceptor - LoginInterceptor=================================START
17:08:43.882 [http-nio-80-exec-6] INFO  k.m.inteceptor.LoginInterceptor - sessionId         :::::::        id001
17:08:43.882 [http-nio-80-exec-6] INFO  k.m.inteceptor.LoginInterceptor - sessionLevel      :::::::        관리자
17:08:43.885 [http-nio-80-exec-6] INFO  k.m.inteceptor.LoginInterceptor - LoginInterceptor=================================END
17:08:43.885 [http-nio-80-exec-6] INFO  k.m.inteceptor.CommonInterceptor - CommonInterceptor==============================END
17:08:43.885 [http-nio-80-exec-6] INFO  k.m.inteceptor.CommonInterceptor - CommonInterceptor==============================AFTER
17:08:44.375 [http-nio-80-exec-7] INFO  k.m.inteceptor.CommonInterceptor - CommonInterceptor==============================START
17:08:44.375 [http-nio-80-exec-7] INFO  k.m.inteceptor.CommonInterceptor - ACCESS INFO====================================START
17:08:44.375 [http-nio-80-exec-7] INFO  k.m.inteceptor.CommonInterceptor - PORT          	::  :::::::::::::::: localhost
17:08:44.375 [http-nio-80-exec-7] INFO  k.m.inteceptor.CommonInterceptor - method	:::::::::::::::::::: 80
17:08:44.375 [http-nio-80-exec-7] INFO  k.m.inteceptor.CommonInterceptor - server name	  :::::::::: POST
17:08:44.375 [http-nio-80-exec-7] INFO  k.m.inteceptor.CommonInterceptor - URI		:::::::::::::::: /ajax/idCheck
17:08:44.375 [http-nio-80-exec-7] INFO  k.m.inteceptor.CommonInterceptor - ACCESS INFO====================================END
17:08:44.375 [http-nio-80-exec-7] INFO  k.m.inteceptor.LoginInterceptor - LoginInterceptor=================================START
17:08:44.375 [http-nio-80-exec-7] INFO  k.m.inteceptor.LoginInterceptor - sessionId         :::::::        id001
17:08:44.375 [http-nio-80-exec-7] INFO  k.m.inteceptor.LoginInterceptor - sessionLevel      :::::::        관리자
17:08:44.378 [http-nio-80-exec-7] INFO  k.m.inteceptor.LoginInterceptor - LoginInterceptor=================================END
17:08:44.379 [http-nio-80-exec-7] INFO  k.m.inteceptor.CommonInterceptor - CommonInterceptor==============================END
17:08:44.379 [http-nio-80-exec-7] INFO  k.m.inteceptor.CommonInterceptor - CommonInterceptor==============================AFTER
