17:17:15.660 [http-nio-80-exec-1] INFO  k.m.inteceptor.CommonInterceptor - CommonInterceptor==============================START
17:17:15.661 [http-nio-80-exec-1] INFO  k.m.inteceptor.CommonInterceptor - ACCESS INFO====================================START
17:17:15.661 [http-nio-80-exec-1] INFO  k.m.inteceptor.CommonInterceptor - PORT          	::  :::::::::::::::: localhost
17:17:15.661 [http-nio-80-exec-1] INFO  k.m.inteceptor.CommonInterceptor - method	:::::::::::::::::::: 80
17:17:15.661 [http-nio-80-exec-1] INFO  k.m.inteceptor.CommonInterceptor - server name	  :::::::::: GET
17:17:15.661 [http-nio-80-exec-1] INFO  k.m.inteceptor.CommonInterceptor - URI		:::::::::::::::: /addMember
17:17:15.661 [http-nio-80-exec-1] INFO  k.m.inteceptor.CommonInterceptor - ACCESS INFO====================================END
17:17:15.661 [http-nio-80-exec-1] INFO  k.m.inteceptor.CommonInterceptor - CommonInterceptor==============================END
17:17:15.672 [http-nio-80-exec-1] INFO  k.m.inteceptor.CommonInterceptor - CommonInterceptor==============================AFTER
17:17:24.199 [http-nio-80-exec-2] INFO  k.m.inteceptor.LoginInterceptor - LoginInterceptor=================================START
17:17:24.199 [http-nio-80-exec-2] INFO  k.m.inteceptor.LoginInterceptor - sessionId         :::::::        id001
17:17:24.199 [http-nio-80-exec-2] INFO  k.m.inteceptor.LoginInterceptor - sessionLevel      :::::::        관리자
17:17:24.199 [http-nio-80-exec-2] INFO  k.m.inteceptor.LoginInterceptor - LoginInterceptor=================================END
17:17:25.677 [http-nio-80-exec-2] INFO  k.m.inteceptor.CommonInterceptor - CommonInterceptor==============================START
17:17:25.677 [http-nio-80-exec-2] INFO  k.m.inteceptor.CommonInterceptor - ACCESS INFO====================================START
17:17:25.677 [http-nio-80-exec-2] INFO  k.m.inteceptor.CommonInterceptor - PORT          	::  :::::::::::::::: localhost
17:17:25.677 [http-nio-80-exec-2] INFO  k.m.inteceptor.CommonInterceptor - method	:::::::::::::::::::: 80
17:17:25.677 [http-nio-80-exec-2] INFO  k.m.inteceptor.CommonInterceptor - server name	  :::::::::: GET
17:17:25.678 [http-nio-80-exec-2] INFO  k.m.inteceptor.CommonInterceptor - URI		:::::::::::::::: /addMember
17:17:25.678 [http-nio-80-exec-2] INFO  k.m.inteceptor.CommonInterceptor - ACCESS INFO====================================END
17:17:25.678 [http-nio-80-exec-2] INFO  k.m.inteceptor.CommonInterceptor - CommonInterceptor==============================END
17:17:25.686 [http-nio-80-exec-2] INFO  k.m.inteceptor.CommonInterceptor - CommonInterceptor==============================AFTER
17:17:31.592 [http-nio-80-exec-2] INFO  k.m.inteceptor.CommonInterceptor - CommonInterceptor==============================START
17:17:31.592 [http-nio-80-exec-2] INFO  k.m.inteceptor.CommonInterceptor - ACCESS INFO====================================START
17:17:31.592 [http-nio-80-exec-2] INFO  k.m.inteceptor.CommonInterceptor - PORT          	::  :::::::::::::::: localhost
17:17:31.592 [http-nio-80-exec-2] INFO  k.m.inteceptor.CommonInterceptor - method	:::::::::::::::::::: 80
17:17:31.592 [http-nio-80-exec-2] INFO  k.m.inteceptor.CommonInterceptor - server name	  :::::::::: GET
17:17:31.592 [http-nio-80-exec-2] INFO  k.m.inteceptor.CommonInterceptor - URI		:::::::::::::::: /addMember
17:17:31.592 [http-nio-80-exec-2] INFO  k.m.inteceptor.CommonInterceptor - ACCESS INFO====================================END
17:17:31.592 [http-nio-80-exec-2] INFO  k.m.inteceptor.CommonInterceptor - CommonInterceptor==============================END
17:17:31.607 [http-nio-80-exec-2] INFO  k.m.inteceptor.CommonInterceptor - CommonInterceptor==============================AFTER
